[2025-04-09T12:59:30.606Z] ❌ Erro no registrarDiaChamados: registrarDiaChamados is not defined
[2025-04-09T13:05:31.599Z] ❌ Erro no registrarDiaChamados: registrarDiaChamados is not defined
[2025-04-09T13:06:51.078Z] ❌ Erro no registrarDiaChamados: registrarDiaChamados is not defined
[2025-04-09T13:08:24.858Z] ❌ Erro no registrarDiaChamados: registrarDiaChamados is not defined
[2025-04-09T13:23:11.138Z] ⏱️ Execução simulada (manual) iniciada
[2025-04-09T13:23:53.109Z] ✅ Registro de dia concluído com 35 chamados em 2025-04-09
[2025-04-09T13:24:05.511Z] ✅ Registro de dia concluído com 35 chamados em 2025-04-09
[2025-04-09T14:22:27.927Z] ⏱️ Execução simulada (manual) iniciada
[2025-04-09T14:23:35.523Z] ⏱️ Execução simulada (manual) iniciada
[2025-04-09T14:24:10.573Z] ✅ Registro de dia concluído com 33 chamados em 2025-04-09
[2025-04-09T14:43:38.587Z] ⏱️ Execução simulada (manual) iniciada
[2025-04-09T14:44:19.751Z] ✅ Registro de dia concluído com 32 chamados em 2025-04-09
[2025-04-09T14:50:37.420Z] ⏱️ Execução simulada (manual) iniciada
[2025-04-09T14:51:20.078Z] ✅ Registro de dia concluído com 32 chamados em 2025-04-09
[2025-04-09T15:06:10.649Z] ⏱️ Execução simulada (manual) iniciada
[2025-04-09T15:06:57.882Z] ✅ Registro de dia concluído com 31 chamados em 2025-04-09
[2025-04-09T17:10:21.764Z] ❌ Erro ao registrar dia: Error: EBUSY: resource busy or locked, open 'C:\Users\leticia.pastorini\Documents\GitHub\chamados-GLPI\relatorios\dias-salvos-2025-04.xlsx'
[2025-04-09T17:11:41.652Z] ❌ Erro ao registrar dia: Error: EBUSY: resource busy or locked, open 'C:\Users\leticia.pastorini\Documents\GitHub\chamados-GLPI\relatorios\dias-salvos-2025-04.xlsx'
[2025-04-09T17:15:59.119Z] ✅ Registro de dia concluído com 28 chamados em 2025-04-09
[2025-04-09T17:18:37.863Z] ✅ Registro de dia concluído com 26 chamados em 2025-04-09
[2025-04-09T18:01:14.858Z] ⏱️ Execução simulada (manual) iniciada
[2025-04-09T18:01:54.623Z] ✅ Registro de dia concluído com 24 chamados em 2025-04-09
[2025-04-09T18:08:21.563Z] ⏱️ Execução simulada (manual) iniciada
[2025-04-09T18:09:03.039Z] ✅ Registro de dia concluído com 24 chamados em 2025-04-09
[2025-04-09T18:25:38.918Z] ⏱️ Execução simulada (manual) iniciada
[2025-04-09T18:26:17.914Z] ✅ Registro de dia concluído com 28 chamados em 2025-04-09
[2025-04-09T18:30:02.223Z] ⏱️ Execução simulada (manual) iniciada
[2025-04-09T18:30:44.628Z] ✅ Registro de dia concluído com 29 chamados em 2025-04-09
[2025-04-09T18:35:28.162Z] ⏱️ Execução simulada (manual) iniciada
[2025-04-09T18:36:16.402Z] ✅ Registro de dia concluído com 28 chamados em 2025-04-09
[2025-04-09T18:39:14.905Z] ⏱️ Execução simulada (manual) iniciada
[2025-04-09T18:39:58.849Z] ✅ Registro de dia concluído com 28 chamados em 2025-04-09
[2025-04-09T18:51:15.506Z] ⏱️ Execução simulada (manual) iniciada
[2025-04-09T18:51:53.398Z] ✅ Registro de dia concluído com 29 chamados em 2025-04-09
[2025-04-09T18:53:48.951Z] ✅ Registro de dia concluído com 29 chamados em 2025-04-09
[2025-04-09T19:23:53.286Z] ⏱️ Execução simulada (manual) iniciada
[2025-04-09T19:24:32.360Z] ✅ Registro de dia concluído com 28 chamados em 2025-04-09
[2025-04-09T19:34:30.294Z] ⏱️ Execução simulada (manual) iniciada
[2025-04-09T19:35:14.032Z] ✅ Registro de dia concluído com 28 chamados em 2025-04-09
[2025-04-09T19:41:56.156Z] ⏱️ Execução simulada (manual) iniciada
[2025-04-09T19:42:52.073Z] ✅ Registro de dia concluído com 28 chamados em 2025-04-09
[2025-04-09T19:45:09.636Z] ⏱️ Execução simulada (manual) iniciada
[2025-04-09T19:45:55.780Z] ✅ Registro de dia concluído com 28 chamados em 2025-04-09
[2025-04-09T19:48:26.992Z] ⏱️ Execução simulada (manual) iniciada
[2025-04-09T19:49:08.392Z] ✅ Registro de dia concluído com 28 chamados em 2025-04-09
[2025-04-09T19:52:19.856Z] ⏱️ Execução simulada (manual) iniciada
[2025-04-09T19:53:43.808Z] ⏱️ Execução simulada (manual) iniciada
[2025-04-09T19:54:27.824Z] ✅ Registro de dia concluído com 28 chamados em 2025-04-09
[2025-04-11T13:20:00.007Z] ✅ Registro de dia concluído com 31 chamados em 2025-04-11
[2025-04-11T13:29:33.332Z] ❌ Erro snapshot 18h: registrarChamadosAbertos18h is not defined
[2025-04-11T13:30:09.973Z] ✅ Registro de dia concluído com 31 chamados em 2025-04-11
[2025-04-11T13:35:44.483Z] ❌ Erro snapshot 18h: escreverLog is not a function
[2025-04-11T13:36:18.490Z] ✅ Registro de dia concluído com 29 chamados em 2025-04-11
[2025-04-11T13:39:39.450Z] Snapshot das 18h salvo com 29 chamados
[2025-04-11T13:40:13.579Z] ✅ Registro de dia concluído com 29 chamados em 2025-04-11
[2025-04-11T13:46:37.897Z] Snapshot das 18h salvo com 29 chamados
[2025-04-11T13:47:13.208Z] ✅ Registro de dia concluído com 29 chamados em 2025-04-11
[2025-04-11T13:56:20.990Z] Snapshot das 18h salvo com 30 chamados
[2025-04-11T13:56:57.425Z] ✅ Registro de dia concluído com 30 chamados em 2025-04-11
[2025-04-11T14:32:34.799Z] Snapshot das 18h salvo com 30 chamados
[2025-04-11T14:33:11.021Z] ✅ Registro de dia concluído com 30 chamados em 2025-04-11
[2025-04-11T14:36:53.681Z] Snapshot das 18h salvo com 30 chamados
[2025-04-11T14:37:30.485Z] ✅ Registro de dia concluído com 30 chamados em 2025-04-11
[2025-04-11T14:38:33.973Z] Snapshot das 18h salvo com 30 chamados
[2025-04-11T14:38:33.977Z] ✅ relatorio‑18h salvo
[2025-04-11T14:39:36.661Z] Snapshot das 18h salvo com 30 chamados
[2025-04-11T14:39:36.668Z] ✅ relatorio‑18h salvo
[2025-04-11T14:40:34.782Z] Snapshot das 18h salvo com 30 chamados
[2025-04-11T14:40:34.789Z] ✅ relatorio‑18h salvo
[2025-04-11T14:41:37.068Z] Snapshot das 18h salvo com 30 chamados
[2025-04-11T14:41:37.073Z] ✅ relatorio‑18h salvo
[2025-04-11T14:42:35.766Z] Snapshot das 18h salvo com 30 chamados
[2025-04-11T14:42:35.771Z] ✅ relatorio‑18h salvo
[2025-04-11T14:43:35.834Z] Snapshot das 18h salvo com 30 chamados
[2025-04-11T14:43:35.837Z] ✅ relatorio‑18h salvo
[2025-04-11T14:44:37.272Z] Snapshot das 18h salvo com 30 chamados
[2025-04-11T14:44:37.275Z] ✅ relatorio‑18h salvo
[2025-04-11T14:45:34.515Z] Snapshot das 18h salvo com 30 chamados
[2025-04-11T14:45:34.519Z] ✅ relatorio‑18h salvo
[2025-04-11T14:46:33.646Z] Snapshot das 18h salvo com 30 chamados
[2025-04-11T14:46:33.650Z] ✅ relatorio‑18h salvo
[2025-04-11T14:47:35.058Z] Snapshot das 18h salvo com 30 chamados
[2025-04-11T14:47:35.063Z] ✅ relatorio‑18h salvo
[2025-04-11T14:48:34.031Z] Snapshot das 18h salvo com 30 chamados
[2025-04-11T14:48:34.035Z] ✅ relatorio‑18h salvo
[2025-04-11T14:49:35.504Z] Snapshot das 18h salvo com 30 chamados
[2025-04-11T14:49:35.507Z] ✅ relatorio‑18h salvo
[2025-04-11T14:50:37.442Z] Snapshot das 18h salvo com 30 chamados
[2025-04-11T14:50:37.445Z] ✅ relatorio‑18h salvo
[2025-04-11T14:51:33.645Z] Snapshot das 18h salvo com 29 chamados
[2025-04-11T14:51:33.649Z] ✅ relatorio‑18h salvo
[2025-04-11T14:52:35.539Z] Snapshot das 18h salvo com 29 chamados
[2025-04-11T14:52:35.542Z] ✅ relatorio‑18h salvo
[2025-04-11T14:53:34.580Z] Snapshot das 18h salvo com 29 chamados
[2025-04-11T14:53:34.584Z] ✅ relatorio‑18h salvo
[2025-04-11T17:23:04.843Z] Snapshot das 18h salvo com 30 chamados
[2025-04-11T17:23:41.347Z] ✅ Registro diário concluído: 30 chamados (2025-04-11)
[2025-04-11T18:16:50.543Z] Snapshot das 18h salvo com 29 chamados
[2025-04-11T18:17:26.970Z] ✅ Registro diário concluído: 29 chamados (2025-04-11)
[2025-04-11T18:30:40.254Z] Snapshot das 18h salvo com 29 chamados
[2025-04-11T18:31:15.858Z] ✅ Registro diário concluído: 29 chamados (2025-04-11)
[2025-04-11T18:33:23.676Z] Snapshot das 18h salvo com 29 chamados
[2025-04-11T18:34:00.295Z] ✅ Registro diário concluído: 29 chamados (2025-04-11)
[2025-04-11T18:44:17.081Z] Snapshot das 18h salvo com 29 chamados
[2025-04-11T18:44:52.753Z] ✅ Registro diário concluído: 29 chamados (2025-04-11)
[2025-04-11T18:52:43.882Z] Snapshot das 18h salvo com 29 chamados
[2025-04-11T18:53:18.500Z] ✅ Registro diário concluído: 29 chamados (2025-04-11)
[2025-04-11T18:56:03.974Z] Snapshot das 18h salvo com 29 chamados
[2025-04-11T18:56:38.918Z] ✅ Registro diário concluído: 29 chamados (2025-04-11)
[2025-04-12T16:58:28.288Z] Snapshot das 18h salvo com 25 chamados
[2025-04-12T16:59:10.027Z] ✅ Registro diário concluído: 25 chamados (2025-04-12)
[2025-04-12T17:00:37.601Z] ✅ Registro diário concluído: 25 chamados (2025-04-12)
[2025-04-12T17:00:37.604Z] ✅ dias‑salvos atualizado
[2025-04-12T17:31:31.916Z] Snapshot das 18h salvo com 25 chamados
[2025-04-12T17:32:08.176Z] ✅ Registro diário concluído: 25 chamados (2025-04-12)
[2025-04-12T18:05:50.252Z] Snapshot das 18h salvo com 25 chamados
[2025-04-12T18:06:52.227Z] ✅ Registro diário concluído: 25 chamados (2025-04-12)
[2025-04-12T18:09:23.799Z] Snapshot das 18h salvo com 25 chamados
[2025-04-12T18:10:00.010Z] ✅ Registro diário concluído: 25 chamados (2025-04-12)
[2025-04-12T18:12:53.433Z] Snapshot das 18h salvo com 25 chamados
[2025-04-12T18:13:32.029Z] ✅ Registro diário concluído: 25 chamados (2025-04-12)
[2025-04-12T18:22:14.816Z] Snapshot das 18h salvo com 24 chamados
[2025-04-12T18:22:17.539Z] Snapshot das 18h salvo com 24 chamados
[2025-04-12T18:22:54.593Z] ✅ Registro diário concluído: 24 chamados (2025-04-12)
[2025-04-12T18:23:00.181Z] ✅ Registro diário concluído: 24 chamados (2025-04-12)
[2025-04-12T18:30:25.732Z] Snapshot das 18h salvo com 24 chamados
[2025-04-12T18:31:03.665Z] ✅ Registro diário concluído: 24 chamados (2025-04-12)
[2025-04-12T18:35:40.250Z] Snapshot das 18h salvo com 24 chamados
[2025-04-12T18:36:16.900Z] ❌ Erro ao registrar dia: Error: EBUSY: resource busy or locked, open 'C:\Users\leticia.pastorini\Documents\GitHub\chamados-GLPI\relatorios\dias-salvos-2025-04.xlsx'
[2025-04-12T19:00:35.378Z] ✅ Registro diário concluído: 24 chamados (2025-04-12)
[2025-04-12T19:00:35.382Z] ✅ dias‑salvos atualizado
[2025-04-12T21:00:35.961Z] ✅ Registro diário concluído: 26 chamados (2025-04-12)
[2025-04-12T21:00:35.964Z] ✅ dias‑salvos atualizado
[2025-04-12T21:00:36.190Z] Snapshot das 18h salvo com 26 chamados
[2025-04-12T21:00:36.192Z] ✅ Relatorio‑18h salvo (26 chamados)
[2025-04-12T23:00:34.047Z] ✅ Registro diário concluído: 26 chamados (2025-04-12)
[2025-04-12T23:00:34.051Z] ✅ dias‑salvos atualizado
[2025-04-13T01:00:33.059Z] ✅ Registro diário concluído: 25 chamados (2025-04-13)
[2025-04-13T01:00:33.062Z] ✅ dias‑salvos atualizado
[2025-04-13T03:00:33.989Z] ✅ Registro diário concluído: 25 chamados (2025-04-13)
[2025-04-13T03:00:33.995Z] ✅ dias‑salvos atualizado
[2025-04-13T05:00:32.707Z] ✅ Registro diário concluído: 25 chamados (2025-04-13)
[2025-04-13T05:00:32.711Z] ✅ dias‑salvos atualizado
[2025-04-13T07:00:32.564Z] ✅ Registro diário concluído: 25 chamados (2025-04-13)
[2025-04-13T07:00:32.568Z] ✅ dias‑salvos atualizado
[2025-04-13T09:00:32.758Z] ✅ Registro diário concluído: 25 chamados (2025-04-13)
[2025-04-13T09:00:32.761Z] ✅ dias‑salvos atualizado
[2025-04-13T11:00:33.526Z] ✅ Registro diário concluído: 25 chamados (2025-04-13)
[2025-04-13T11:00:33.530Z] ✅ dias‑salvos atualizado
[2025-04-13T13:00:33.414Z] ✅ Registro diário concluído: 26 chamados (2025-04-13)
[2025-04-13T13:00:33.417Z] ✅ dias‑salvos atualizado
[2025-04-13T15:00:33.045Z] ✅ Registro diário concluído: 27 chamados (2025-04-13)
[2025-04-13T15:00:33.050Z] ✅ dias‑salvos atualizado
[2025-04-13T17:00:33.520Z] ✅ Registro diário concluído: 28 chamados (2025-04-13)
[2025-04-13T17:00:33.525Z] ✅ dias‑salvos atualizado
[2025-04-13T19:00:33.223Z] ✅ Registro diário concluído: 28 chamados (2025-04-13)
[2025-04-13T19:00:33.227Z] ✅ dias‑salvos atualizado
[2025-04-13T21:00:35.086Z] ✅ Registro diário concluído: 27 chamados (2025-04-13)
[2025-04-13T21:00:35.091Z] ✅ dias‑salvos atualizado
[2025-04-13T21:00:35.422Z] Snapshot das 18h salvo com 27 chamados
[2025-04-13T21:00:35.424Z] ✅ Relatorio‑18h salvo (27 chamados)
[2025-04-13T23:00:33.059Z] ✅ Registro diário concluído: 27 chamados (2025-04-13)
[2025-04-13T23:00:33.064Z] ✅ dias‑salvos atualizado
[2025-04-14T01:00:34.281Z] ✅ Registro diário concluído: 27 chamados (2025-04-14)
[2025-04-14T01:00:34.288Z] ✅ dias‑salvos atualizado
[2025-04-14T03:00:33.485Z] ✅ Registro diário concluído: 27 chamados (2025-04-14)
[2025-04-14T03:00:33.491Z] ✅ dias‑salvos atualizado
[2025-04-14T05:00:35.023Z] ✅ Registro diário concluído: 27 chamados (2025-04-14)
[2025-04-14T05:00:35.028Z] ✅ dias‑salvos atualizado
[2025-04-14T07:00:32.563Z] ✅ Registro diário concluído: 27 chamados (2025-04-14)
[2025-04-14T07:00:32.567Z] ✅ dias‑salvos atualizado
[2025-04-14T09:00:34.623Z] ✅ Registro diário concluído: 27 chamados (2025-04-14)
[2025-04-14T09:00:34.625Z] ✅ dias‑salvos atualizado
[2025-04-14T11:00:35.770Z] ✅ Registro diário concluído: 30 chamados (2025-04-14)
[2025-04-14T11:00:35.773Z] ✅ dias‑salvos atualizado
[2025-04-14T11:58:51.026Z] Snapshot das 18h salvo com 30 chamados
[2025-04-14T11:59:27.673Z] ✅ Registro diário concluído: 30 chamados (2025-04-14)
[2025-04-14T13:00:37.850Z] ✅ Registro diário concluído: 34 chamados (2025-04-14)
[2025-04-14T13:00:37.854Z] ✅ dias‑salvos atualizado
[2025-04-14T13:03:24.357Z] Snapshot das 18h salvo com 36 chamados
[2025-04-14T15:00:01.007Z] ❌ Erro na busca de chamados às 12h: registrarChamadosAbertos12h is not defined
[2025-04-14T21:00:35.288Z] Snapshot das 18h salvo com 36 chamados
[2025-04-14T21:00:35.294Z] ✅ Chamados às 18h: 36 chamados (sobrescrito)
